<?xml version="1.0" encoding="utf-8"?>
<feed xml:base="https://t-chaportal.thecha.org/blog/_api/"
    xmlns="http://www.w3.org/2005/Atom"
    xmlns:d="http://schemas.microsoft.com/ado/2007/08/dataservices"
    xmlns:m="http://schemas.microsoft.com/ado/2007/08/dataservices/metadata"
    xmlns:georss="http://www.georss.org/georss"
    xmlns:gml="http://www.opengis.net/gml">
    <id>ae39f922-d01d-4485-a7c0-f943cb2f2696</id>
    <title />
    <updated>2020-11-17T18:47:03Z</updated>
    <entry m:etag="&quot;1&quot;">
        <id>8e2b82be-1cba-4455-b70f-bb14ba5c69d5</id>
        <category term="SP.Data.PostsListItem" scheme="http://schemas.microsoft.com/ado/2007/08/dataservices/scheme" />
        <link rel="edit" href="Web/Lists(guid'fd6aa95e-1354-467a-9a87-47e48d3fa962')/Items(1630)" />
        <link rel="http://schemas.microsoft.com/ado/2007/08/dataservices/related/FirstUniqueAncestorSecurableObject" type="application/atom+xml;type=entry" title="FirstUniqueAncestorSecurableObject" href="Web/Lists(guid'fd6aa95e-1354-467a-9a87-47e48d3fa962')/Items(1630)/FirstUniqueAncestorSecurableObject" />
        <link rel="http://schemas.microsoft.com/ado/2007/08/dataservices/related/RoleAssignments" type="application/atom+xml;type=feed" title="RoleAssignments" href="Web/Lists(guid'fd6aa95e-1354-467a-9a87-47e48d3fa962')/Items(1630)/RoleAssignments" />
        <link rel="http://schemas.microsoft.com/ado/2007/08/dataservices/related/AttachmentFiles" type="application/atom+xml;type=feed" title="AttachmentFiles" href="Web/Lists(guid'fd6aa95e-1354-467a-9a87-47e48d3fa962')/Items(1630)/AttachmentFiles" />
        <link rel="http://schemas.microsoft.com/ado/2007/08/dataservices/related/ContentType" type="application/atom+xml;type=entry" title="ContentType" href="Web/Lists(guid'fd6aa95e-1354-467a-9a87-47e48d3fa962')/Items(1630)/ContentType" />
        <link rel="http://schemas.microsoft.com/ado/2007/08/dataservices/related/GetDlpPolicyTip" type="application/atom+xml;type=entry" title="GetDlpPolicyTip" href="Web/Lists(guid'fd6aa95e-1354-467a-9a87-47e48d3fa962')/Items(1630)/GetDlpPolicyTip" />
        <link rel="http://schemas.microsoft.com/ado/2007/08/dataservices/related/FieldValuesAsHtml" type="application/atom+xml;type=entry" title="FieldValuesAsHtml" href="Web/Lists(guid'fd6aa95e-1354-467a-9a87-47e48d3fa962')/Items(1630)/FieldValuesAsHtml" />
        <link rel="http://schemas.microsoft.com/ado/2007/08/dataservices/related/FieldValuesAsText" type="application/atom+xml;type=entry" title="FieldValuesAsText" href="Web/Lists(guid'fd6aa95e-1354-467a-9a87-47e48d3fa962')/Items(1630)/FieldValuesAsText" />
        <link rel="http://schemas.microsoft.com/ado/2007/08/dataservices/related/FieldValuesForEdit" type="application/atom+xml;type=entry" title="FieldValuesForEdit" href="Web/Lists(guid'fd6aa95e-1354-467a-9a87-47e48d3fa962')/Items(1630)/FieldValuesForEdit" />
        <link rel="http://schemas.microsoft.com/ado/2007/08/dataservices/related/File" type="application/atom+xml;type=entry" title="File" href="Web/Lists(guid'fd6aa95e-1354-467a-9a87-47e48d3fa962')/Items(1630)/File" />
        <link rel="http://schemas.microsoft.com/ado/2007/08/dataservices/related/Folder" type="application/atom+xml;type=entry" title="Folder" href="Web/Lists(guid'fd6aa95e-1354-467a-9a87-47e48d3fa962')/Items(1630)/Folder" />
        <link rel="http://schemas.microsoft.com/ado/2007/08/dataservices/related/ParentList" type="application/atom+xml;type=entry" title="ParentList" href="Web/Lists(guid'fd6aa95e-1354-467a-9a87-47e48d3fa962')/Items(1630)/ParentList" />
        <title />
        <updated>2020-11-17T18:47:03Z</updated>
        <author>
            <name />
        </author>
        <content type="application/xml">
            <m:properties>
                <d:FileSystemObjectType m:type="Edm.Int32">0</d:FileSystemObjectType>
                <d:Id m:type="Edm.Int32">1630</d:Id>
                <d:ContentTypeId>0x011000A001ADD2AAACD440B41EC5D177E72CBE</d:ContentTypeId>
                <d:Title>TEST IMAGE</d:Title>
                <d:OData__ModerationComments m:null="true" />
                <d:Body>&lt;div class="ExternalClass327D3B181A474EC29A3711ECA839BFE8"&gt;&lt;p&gt;​TEST IMAGE&lt;br&gt;​&lt;br&gt;&lt;/p&gt;&lt;/div&gt;</d:Body>
                <d:NumCommentsId m:type="Edm.Int32">0</d:NumCommentsId>
                <d:PostCategoryId m:type="Collection(Edm.Int32)" />
                <d:PublishedDate m:type="Edm.DateTime">2020-11-09T19:00:00Z</d:PublishedDate>
                <d:OData__ModerationStatus m:type="Edm.Int32">0</d:OData__ModerationStatus>
                <d:AverageRating m:null="true" />
                <d:RatingCount m:null="true" />
                <d:LikesCount m:null="true" />
                <d:SubTitle>TEST IMAGE</d:SubTitle>
                <d:ID m:type="Edm.Int32">1630</d:ID>
                <d:Modified m:type="Edm.DateTime">2020-11-09T19:04:33Z</d:Modified>
                <d:Created m:type="Edm.DateTime">2020-11-09T19:04:33Z</d:Created>
                <d:AuthorId m:type="Edm.Int32">1073741823</d:AuthorId>
                <d:EditorId m:type="Edm.Int32">1073741823</d:EditorId>
                <d:OData__UIVersionString>1.0</d:OData__UIVersionString>
                <d:Attachments m:type="Edm.Boolean">false</d:Attachments>
                <d:GUID m:type="Edm.Guid">2fb7b30d-6dc4-4afb-baec-b39ffe4aeed0</d:GUID>
            </m:properties>
        </content>
    </entry>
    <entry m:etag="&quot;17&quot;">
        <id>12ee222c-cf88-471d-b27b-e52b829e0663</id>
        <category term="SP.Data.PostsListItem" scheme="http://schemas.microsoft.com/ado/2007/08/dataservices/scheme" />
        <link rel="edit" href="Web/Lists(guid'fd6aa95e-1354-467a-9a87-47e48d3fa962')/Items(1622)" />
        <link rel="http://schemas.microsoft.com/ado/2007/08/dataservices/related/FirstUniqueAncestorSecurableObject" type="application/atom+xml;type=entry" title="FirstUniqueAncestorSecurableObject" href="Web/Lists(guid'fd6aa95e-1354-467a-9a87-47e48d3fa962')/Items(1622)/FirstUniqueAncestorSecurableObject" />
        <link rel="http://schemas.microsoft.com/ado/2007/08/dataservices/related/RoleAssignments" type="application/atom+xml;type=feed" title="RoleAssignments" href="Web/Lists(guid'fd6aa95e-1354-467a-9a87-47e48d3fa962')/Items(1622)/RoleAssignments" />
        <link rel="http://schemas.microsoft.com/ado/2007/08/dataservices/related/AttachmentFiles" type="application/atom+xml;type=feed" title="AttachmentFiles" href="Web/Lists(guid'fd6aa95e-1354-467a-9a87-47e48d3fa962')/Items(1622)/AttachmentFiles" />
        <link rel="http://schemas.microsoft.com/ado/2007/08/dataservices/related/ContentType" type="application/atom+xml;type=entry" title="ContentType" href="Web/Lists(guid'fd6aa95e-1354-467a-9a87-47e48d3fa962')/Items(1622)/ContentType" />
        <link rel="http://schemas.microsoft.com/ado/2007/08/dataservices/related/GetDlpPolicyTip" type="application/atom+xml;type=entry" title="GetDlpPolicyTip" href="Web/Lists(guid'fd6aa95e-1354-467a-9a87-47e48d3fa962')/Items(1622)/GetDlpPolicyTip" />
        <link rel="http://schemas.microsoft.com/ado/2007/08/dataservices/related/FieldValuesAsHtml" type="application/atom+xml;type=entry" title="FieldValuesAsHtml" href="Web/Lists(guid'fd6aa95e-1354-467a-9a87-47e48d3fa962')/Items(1622)/FieldValuesAsHtml" />
        <link rel="http://schemas.microsoft.com/ado/2007/08/dataservices/related/FieldValuesAsText" type="application/atom+xml;type=entry" title="FieldValuesAsText" href="Web/Lists(guid'fd6aa95e-1354-467a-9a87-47e48d3fa962')/Items(1622)/FieldValuesAsText" />
        <link rel="http://schemas.microsoft.com/ado/2007/08/dataservices/related/FieldValuesForEdit" type="application/atom+xml;type=entry" title="FieldValuesForEdit" href="Web/Lists(guid'fd6aa95e-1354-467a-9a87-47e48d3fa962')/Items(1622)/FieldValuesForEdit" />
        <link rel="http://schemas.microsoft.com/ado/2007/08/dataservices/related/File" type="application/atom+xml;type=entry" title="File" href="Web/Lists(guid'fd6aa95e-1354-467a-9a87-47e48d3fa962')/Items(1622)/File" />
        <link rel="http://schemas.microsoft.com/ado/2007/08/dataservices/related/Folder" type="application/atom+xml;type=entry" title="Folder" href="Web/Lists(guid'fd6aa95e-1354-467a-9a87-47e48d3fa962')/Items(1622)/Folder" />
        <link rel="http://schemas.microsoft.com/ado/2007/08/dataservices/related/ParentList" type="application/atom+xml;type=entry" title="ParentList" href="Web/Lists(guid'fd6aa95e-1354-467a-9a87-47e48d3fa962')/Items(1622)/ParentList" />
        <title />
        <updated>2020-11-17T18:47:03Z</updated>
        <author>
            <name />
        </author>
        <content type="application/xml">
            <m:properties>
                <d:FileSystemObjectType m:type="Edm.Int32">0</d:FileSystemObjectType>
                <d:Id m:type="Edm.Int32">1622</d:Id>
                <d:ContentTypeId>0x011000A001ADD2AAACD440B41EC5D177E72CBE</d:ContentTypeId>
                <d:Title>Title: This is what 100 Characters is going to look like.  I hope there is plenty of space for all T</d:Title>
                <d:OData__ModerationComments m:null="true" />
                <d:Body>&lt;div class="ExternalClassEBD087849A29496A89D925BAC2734553"&gt;&#xD;
&#xD;
&#xD;
&#xD;
&#xD;
&lt;p&gt;&lt;span class="ms-rteFontSize-3"&gt;​With the historic cold that froze Chicago recently, CHA was on high alert to address potential emergencies.&amp;#160;Sure enough, an emergency happened. And staff responded accordingly.&lt;br&gt;&lt;/span&gt;&lt;/p&gt;&#xD;
&#xD;
&lt;p&gt;&lt;span class="ms-rteFontSize-3"&gt;A burst pipe on Feb. 1 at Lake Parc Place, 3983 S. Lake Park Ave., caused massive flooding, which necessitated quick action. The Property, Resident Services and Capital Construction teams partnered to remove residents from the property, find them temporary shelter at the Hampton Inn and South Loop hotels, provide meal services throughout the weekend and, ultimately, repair the pipe. &lt;br&gt;&lt;/span&gt;&lt;/p&gt;&#xD;
&#xD;
&lt;p&gt;&lt;span class="ms-rteFontSize-3"&gt;All of the jobs were performed seamlessly and efficiently, and residents were back in their homes days later.​&lt;br&gt;&lt;/span&gt;&lt;/p&gt;&#xD;
&#xD;
&lt;p&gt;&lt;span class="ms-rteFontSize-3"&gt;ABC7 reporter Rob Elgas was on the scene to cover the flooding. He said every resident he spoke with was complimentary of CHA’s efforts, and some were even excited about staying at a hotel for a night of two. &lt;br&gt;&lt;/span&gt;&lt;/p&gt;&#xD;
&#xD;
&lt;p&gt;&lt;span class="ms-rteFontSize-3"&gt;“Good job, CHA,” Elgas said. &lt;br&gt;&lt;/span&gt;&lt;/p&gt;&#xD;
&#xD;
&lt;p&gt;&lt;span class="ms-rteFontSize-3"&gt;Chief Resident Services Officer Mary Howard said&amp;#58; &amp;quot;From addressing the issue, to checking residents into hotels, to serving food, staff turned a horrible situation into something bearable,&amp;quot; she said. &lt;br&gt;&lt;/span&gt;&lt;/p&gt;&#xD;
&#xD;
&lt;p&gt;&lt;span class="ms-rteFontSize-3"&gt;Chief Development/Capital Construction Officer Diana Liu praised Deputy Chief of Capital Construction Matt Mosher and Director of Construction Dennis Talison, who were on the scene almost immediately, hoping to stem the flooding and find the source. &amp;#160;&lt;br&gt;&lt;/span&gt;&lt;/p&gt;&#xD;
&#xD;
&lt;p&gt;&lt;span class="ms-rteFontSize-3"&gt;&amp;quot;Matt worked with his contact at Servicemaster so that the company came out to perform restoration work over the weekend, and he was out there again late Sunday (Feb. 3) night to check to make sure heat and hot water could be brought back into service,&amp;quot; Liu said. &amp;quot;Both Matt and Dennis were onsite again early Monday (Feb. 4) morning to check to see that the restoration work was completed and functioning so that residents could move back in.&amp;quot;&lt;br&gt;&lt;/span&gt;&lt;/p&gt;&#xD;
&#xD;
&lt;p&gt;&lt;span class="ms-rteFontSize-3"&gt;Congratulations on a job well done.&amp;#160;CHA would like to acknowledge and thank the Property Office, and each of the following&amp;#58;&lt;/span&gt;&lt;br&gt;&lt;/p&gt;&#xD;
&#xD;
&lt;h3&gt;&lt;strong&gt;Capital Construction&amp;#58;&lt;/strong&gt;&lt;br&gt;&lt;/h3&gt;&#xD;
&lt;p&gt;&lt;span class="ms-rteFontSize-3"&gt;Matt Mosher&lt;/span&gt;&lt;/p&gt;&lt;p&gt;&lt;span class="ms-rteFontSize-3"&gt;Dennis Talison&lt;/span&gt;&lt;/p&gt;&#xD;
&lt;p&gt;&lt;span class="ms-rteFontSize-3"&gt;Brent Borkgren&lt;br&gt;&lt;/span&gt;&lt;/p&gt;&#xD;
&lt;p&gt;&lt;span class="ms-rteFontSize-3"&gt;Paul Gray&lt;/span&gt;&lt;/p&gt;&#xD;
&lt;p&gt;&lt;span class="ms-rteFontSize-3"&gt;Steven Howard&lt;/span&gt;&lt;/p&gt;&#xD;
&lt;p&gt;&lt;span class="ms-rteFontSize-3"&gt;Miriam Rios&lt;/span&gt;&lt;/p&gt;&#xD;
&lt;p&gt;&lt;span class="ms-rteFontSize-3"&gt;James Skinner&lt;/span&gt;&lt;/p&gt;&#xD;
&#xD;
&lt;h3&gt;&lt;strong&gt;​Resident Services&amp;#58;&lt;/strong&gt; &lt;/h3&gt;&#xD;
&lt;p&gt;&lt;span class="ms-rteFontSize-3"&gt;Nekeisha Battie&lt;/span&gt;&lt;/p&gt;&#xD;
&lt;p&gt;&lt;span class="ms-rteFontSize-3"&gt;Keith Clincy&lt;/span&gt;&lt;/p&gt;&#xD;
&lt;p&gt;&lt;span class="ms-rteFontSize-3"&gt;Sylvia Davis&lt;/span&gt;&lt;/p&gt;&#xD;
&lt;p&gt;&lt;span class="ms-rteFontSize-3"&gt;Wanda Elliott&lt;/span&gt;&lt;/p&gt;&#xD;
&lt;p&gt;&lt;span class="ms-rteFontSize-3"&gt;Sonya Franklin&lt;/span&gt;&lt;/p&gt;&#xD;
&lt;p&gt;&lt;span class="ms-rteFontSize-3"&gt;Venis Frazier&lt;br&gt;&lt;/span&gt;&lt;/p&gt;&#xD;
&lt;p&gt;&lt;span class="ms-rteFontSize-3"&gt;Cutrina Green&lt;/span&gt;&lt;/p&gt;&#xD;
&lt;p&gt;&lt;span class="ms-rteFontSize-3"&gt;Emanuel Huggins&lt;/span&gt;&lt;/p&gt;&#xD;
&lt;p&gt;&lt;span class="ms-rteFontSize-3"&gt;Wilson Jones&lt;/span&gt;&lt;/p&gt;&#xD;
&lt;p&gt;&lt;span class="ms-rteFontSize-3"&gt;Anne Lehocky&lt;/span&gt;&lt;/p&gt;&#xD;
&lt;p&gt;&lt;span class="ms-rteFontSize-3"&gt;Deborah Martin&lt;/span&gt;&lt;/p&gt;&#xD;
&lt;p&gt;&lt;span class="ms-rteFontSize-3"&gt;Corather Meeks&lt;/span&gt;&lt;/p&gt;&#xD;
&lt;p&gt;&lt;span class="ms-rteFontSize-3"&gt;Crystal Palmer&lt;/span&gt;&lt;/p&gt;&#xD;
&lt;p&gt;&lt;span class="ms-rteFontSize-3"&gt;Charles Pettis&lt;/span&gt;&lt;/p&gt;&#xD;
&lt;p&gt;&lt;span class="ms-rteFontSize-3"&gt;Sheree Porter&lt;/span&gt;&lt;/p&gt;&#xD;
&lt;p&gt;&lt;span class="ms-rteFontSize-3"&gt;Ella Renfro&lt;/span&gt;&lt;/p&gt;&#xD;
&lt;p&gt;&lt;span class="ms-rteFontSize-3"&gt;David Robinson&lt;/span&gt;&lt;/p&gt;&#xD;
&lt;p&gt;&lt;span class="ms-rteFontSize-3"&gt;Brenda Tillman&lt;/span&gt;&lt;/p&gt;&#xD;
&lt;p&gt;&lt;span class="ms-rteFontSize-3"&gt;Erica Vasquez&lt;/span&gt;&lt;/p&gt;&#xD;
&lt;p&gt;&lt;span class="ms-rteFontSize-3"&gt;Kim Vaughn​​&lt;/span&gt;&lt;/p&gt;&#xD;
&#xD;
&lt;/div&gt;</d:Body>
                <d:NumCommentsId m:type="Edm.Int32">0</d:NumCommentsId>
                <d:PostCategoryId m:type="Collection(Edm.Int32)">
                    <d:element>7</d:element>
                </d:PostCategoryId>
                <d:PublishedDate m:type="Edm.DateTime">2019-07-03T11:00:00Z</d:PublishedDate>
                <d:OData__ModerationStatus m:type="Edm.Int32">0</d:OData__ModerationStatus>
                <d:AverageRating m:null="true" />
                <d:RatingCount m:null="true" />
                <d:LikesCount m:null="true" />
                <d:SubTitle>7/3/2019</d:SubTitle>
                <d:ID m:type="Edm.Int32">1622</d:ID>
                <d:Modified m:type="Edm.DateTime">2019-06-29T12:59:19Z</d:Modified>
                <d:Created m:type="Edm.DateTime">2019-02-15T17:00:53Z</d:Created>
                <d:AuthorId m:type="Edm.Int32">50</d:AuthorId>
                <d:EditorId m:type="Edm.Int32">2448</d:EditorId>
                <d:OData__UIVersionString>2.0</d:OData__UIVersionString>
                <d:Attachments m:type="Edm.Boolean">false</d:Attachments>
                <d:GUID m:type="Edm.Guid">fd182832-d402-4752-bcd7-c14a783fc56c</d:GUID>
            </m:properties>
        </content>
    </entry>
    <entry m:etag="&quot;3&quot;">
        <id>46baaf1e-85aa-4dc6-a18c-a88da9f4e36d</id>
        <category term="SP.Data.PostsListItem" scheme="http://schemas.microsoft.com/ado/2007/08/dataservices/scheme" />
        <link rel="edit" href="Web/Lists(guid'fd6aa95e-1354-467a-9a87-47e48d3fa962')/Items(1628)" />
        <link rel="http://schemas.microsoft.com/ado/2007/08/dataservices/related/FirstUniqueAncestorSecurableObject" type="application/atom+xml;type=entry" title="FirstUniqueAncestorSecurableObject" href="Web/Lists(guid'fd6aa95e-1354-467a-9a87-47e48d3fa962')/Items(1628)/FirstUniqueAncestorSecurableObject" />
        <link rel="http://schemas.microsoft.com/ado/2007/08/dataservices/related/RoleAssignments" type="application/atom+xml;type=feed" title="RoleAssignments" href="Web/Lists(guid'fd6aa95e-1354-467a-9a87-47e48d3fa962')/Items(1628)/RoleAssignments" />
        <link rel="http://schemas.microsoft.com/ado/2007/08/dataservices/related/AttachmentFiles" type="application/atom+xml;type=feed" title="AttachmentFiles" href="Web/Lists(guid'fd6aa95e-1354-467a-9a87-47e48d3fa962')/Items(1628)/AttachmentFiles" />
        <link rel="http://schemas.microsoft.com/ado/2007/08/dataservices/related/ContentType" type="application/atom+xml;type=entry" title="ContentType" href="Web/Lists(guid'fd6aa95e-1354-467a-9a87-47e48d3fa962')/Items(1628)/ContentType" />
        <link rel="http://schemas.microsoft.com/ado/2007/08/dataservices/related/GetDlpPolicyTip" type="application/atom+xml;type=entry" title="GetDlpPolicyTip" href="Web/Lists(guid'fd6aa95e-1354-467a-9a87-47e48d3fa962')/Items(1628)/GetDlpPolicyTip" />
        <link rel="http://schemas.microsoft.com/ado/2007/08/dataservices/related/FieldValuesAsHtml" type="application/atom+xml;type=entry" title="FieldValuesAsHtml" href="Web/Lists(guid'fd6aa95e-1354-467a-9a87-47e48d3fa962')/Items(1628)/FieldValuesAsHtml" />
        <link rel="http://schemas.microsoft.com/ado/2007/08/dataservices/related/FieldValuesAsText" type="application/atom+xml;type=entry" title="FieldValuesAsText" href="Web/Lists(guid'fd6aa95e-1354-467a-9a87-47e48d3fa962')/Items(1628)/FieldValuesAsText" />
        <link rel="http://schemas.microsoft.com/ado/2007/08/dataservices/related/FieldValuesForEdit" type="application/atom+xml;type=entry" title="FieldValuesForEdit" href="Web/Lists(guid'fd6aa95e-1354-467a-9a87-47e48d3fa962')/Items(1628)/FieldValuesForEdit" />
        <link rel="http://schemas.microsoft.com/ado/2007/08/dataservices/related/File" type="application/atom+xml;type=entry" title="File" href="Web/Lists(guid'fd6aa95e-1354-467a-9a87-47e48d3fa962')/Items(1628)/File" />
        <link rel="http://schemas.microsoft.com/ado/2007/08/dataservices/related/Folder" type="application/atom+xml;type=entry" title="Folder" href="Web/Lists(guid'fd6aa95e-1354-467a-9a87-47e48d3fa962')/Items(1628)/Folder" />
        <link rel="http://schemas.microsoft.com/ado/2007/08/dataservices/related/ParentList" type="application/atom+xml;type=entry" title="ParentList" href="Web/Lists(guid'fd6aa95e-1354-467a-9a87-47e48d3fa962')/Items(1628)/ParentList" />
        <title />
        <updated>2020-11-17T18:47:03Z</updated>
        <author>
            <name />
        </author>
        <content type="application/xml">
            <m:properties>
                <d:FileSystemObjectType m:type="Edm.Int32">0</d:FileSystemObjectType>
                <d:Id m:type="Edm.Int32">1628</d:Id>
                <d:ContentTypeId>0x011000A001ADD2AAACD440B41EC5D177E72CBE</d:ContentTypeId>
                <d:Title>Summer Time at CHA</d:Title>
                <d:OData__ModerationComments m:null="true" />
                <d:Body>&lt;div class="ExternalClassBD7C176609B549E1B0F2F35A4E3DF3EA"&gt;&lt;p&gt;​We love summer time here at CHA&lt;/p&gt;&lt;/div&gt;</d:Body>
                <d:NumCommentsId m:type="Edm.Int32">0</d:NumCommentsId>
                <d:PostCategoryId m:type="Collection(Edm.Int32)" />
                <d:PublishedDate m:type="Edm.DateTime">2019-07-01T13:57:00Z</d:PublishedDate>
                <d:OData__ModerationStatus m:type="Edm.Int32">0</d:OData__ModerationStatus>
                <d:AverageRating m:null="true" />
                <d:RatingCount m:null="true" />
                <d:LikesCount m:null="true" />
                <d:SubTitle>7/01/2019</d:SubTitle>
                <d:ID m:type="Edm.Int32">1628</d:ID>
                <d:Modified m:type="Edm.DateTime">2019-08-02T14:32:44Z</d:Modified>
                <d:Created m:type="Edm.DateTime">2019-06-27T13:59:54Z</d:Created>
                <d:AuthorId m:type="Edm.Int32">2251</d:AuthorId>
                <d:EditorId m:type="Edm.Int32">6</d:EditorId>
                <d:OData__UIVersionString>1.0</d:OData__UIVersionString>
                <d:Attachments m:type="Edm.Boolean">false</d:Attachments>
                <d:GUID m:type="Edm.Guid">bf8a3fff-a967-42a5-bb70-df89da529990</d:GUID>
            </m:properties>
        </content>
    </entry>
    <link rel="next" href="https://t-chaportal.thecha.org/blog/_api/web/lists/getByTitle('Posts')/items?%24skiptoken=Paged%3dTRUE%26p_PublishedDate%3d20190701%252013%253a57%253a00%26p_ID%3d1628&amp;%24top=3&amp;%24orderby=PublishedDate+desc" />
</feed>